2020-09-27 13:19:47.2538 | |DEBUG | Api.Program|init main |      | url:|action:
2020-09-27 13:19:48.3568 | |ERROR | Api.Program|Stopped program beacause of exception  | System.Reflection.ReflectionTypeLoadException: Unable to load one or more of the requested types.
Could not load type 'System.Web.IHttpModule' from assembly 'System.Web, Version=4.0.0.0, Culture=neutral, PublicKeyToken=b03f5f7f11d50a3a'.
   at System.Reflection.RuntimeModule.GetTypes(RuntimeModule module)
   at System.Reflection.RuntimeAssembly.get_DefinedTypes()
   at AutoMapper.ServiceCollectionExtensions.<>c.<AddAutoMapperClasses>b__12_5(Assembly a)
   at System.Linq.Enumerable.SelectManySingleSelectorIterator`2.ToArray()
   at System.Linq.Enumerable.ToArray[TSource](IEnumerable`1 source)
   at AutoMapper.ServiceCollectionExtensions.AddAutoMapperClasses(IServiceCollection services, Action`2 configAction, IEnumerable`1 assembliesToScan, ServiceLifetime serviceLifetime)
   at AutoMapper.ServiceCollectionExtensions.AddAutoMapper(IServiceCollection services, Assembly[] assemblies)
   at Api.Startup.ConfigureServices(IServiceCollection services) in F:\Sam-Rex\Api's\Supermarket\Api\Startup.cs:line 77
   at System.RuntimeMethodHandle.InvokeMethod(Object target, Object[] arguments, Signature sig, Boolean constructor, Boolean wrapExceptions)
   at System.Reflection.RuntimeMethodInfo.Invoke(Object obj, BindingFlags invokeAttr, Binder binder, Object[] parameters, CultureInfo culture)
   at Microsoft.AspNetCore.Hosting.ConfigureServicesBuilder.InvokeCore(Object instance, IServiceCollection services)
   at Microsoft.AspNetCore.Hosting.ConfigureServicesBuilder.<>c__DisplayClass9_0.<Invoke>g__Startup|0(IServiceCollection serviceCollection)
   at Microsoft.AspNetCore.Hosting.ConfigureServicesBuilder.Invoke(Object instance, IServiceCollection services)
   at Microsoft.AspNetCore.Hosting.ConfigureServicesBuilder.<>c__DisplayClass8_0.<Build>b__0(IServiceCollection services)
   at Microsoft.AspNetCore.Hosting.GenericWebHostBuilder.UseStartup(Type startupType, HostBuilderContext context, IServiceCollection services)
   at Microsoft.AspNetCore.Hosting.GenericWebHostBuilder.<>c__DisplayClass12_0.<UseStartup>b__0(HostBuilderContext context, IServiceCollection services)
   at Microsoft.Extensions.Hosting.HostBuilder.CreateServiceProvider()
   at Microsoft.Extensions.Hosting.HostBuilder.Build()
   at Api.Program.Main(String[] args) in F:\Sam-Rex\Api's\Supermarket\Api\Program.cs:line 20
System.TypeLoadException: Could not load type 'System.Web.IHttpModule' from assembly 'System.Web, Version=4.0.0.0, Culture=neutral, PublicKeyToken=b03f5f7f11d50a3a'.     | url:|action:
2020-09-27 13:21:45.1558 | |DEBUG | Api.Program|init main |      | url:|action:
2020-09-27 13:21:46.1433 | |ERROR | Api.Program|Stopped program beacause of exception  | System.Reflection.ReflectionTypeLoadException: Unable to load one or more of the requested types.
Could not load type 'System.Web.IHttpModule' from assembly 'System.Web, Version=4.0.0.0, Culture=neutral, PublicKeyToken=b03f5f7f11d50a3a'.
   at System.Reflection.RuntimeModule.GetTypes(RuntimeModule module)
   at System.Reflection.RuntimeAssembly.get_DefinedTypes()
   at AutoMapper.ServiceCollectionExtensions.<>c.<AddAutoMapperClasses>b__12_5(Assembly a)
   at System.Linq.Enumerable.SelectManySingleSelectorIterator`2.ToArray()
   at System.Linq.Enumerable.ToArray[TSource](IEnumerable`1 source)
   at AutoMapper.ServiceCollectionExtensions.AddAutoMapperClasses(IServiceCollection services, Action`2 configAction, IEnumerable`1 assembliesToScan, ServiceLifetime serviceLifetime)
   at AutoMapper.ServiceCollectionExtensions.AddAutoMapper(IServiceCollection services, Assembly[] assemblies)
   at Api.Startup.ConfigureServices(IServiceCollection services) in F:\Sam-Rex\Api's\Supermarket\Api\Startup.cs:line 77
   at System.RuntimeMethodHandle.InvokeMethod(Object target, Object[] arguments, Signature sig, Boolean constructor, Boolean wrapExceptions)
   at System.Reflection.RuntimeMethodInfo.Invoke(Object obj, BindingFlags invokeAttr, Binder binder, Object[] parameters, CultureInfo culture)
   at Microsoft.AspNetCore.Hosting.ConfigureServicesBuilder.InvokeCore(Object instance, IServiceCollection services)
   at Microsoft.AspNetCore.Hosting.ConfigureServicesBuilder.<>c__DisplayClass9_0.<Invoke>g__Startup|0(IServiceCollection serviceCollection)
   at Microsoft.AspNetCore.Hosting.ConfigureServicesBuilder.Invoke(Object instance, IServiceCollection services)
   at Microsoft.AspNetCore.Hosting.ConfigureServicesBuilder.<>c__DisplayClass8_0.<Build>b__0(IServiceCollection services)
   at Microsoft.AspNetCore.Hosting.GenericWebHostBuilder.UseStartup(Type startupType, HostBuilderContext context, IServiceCollection services)
   at Microsoft.AspNetCore.Hosting.GenericWebHostBuilder.<>c__DisplayClass12_0.<UseStartup>b__0(HostBuilderContext context, IServiceCollection services)
   at Microsoft.Extensions.Hosting.HostBuilder.CreateServiceProvider()
   at Microsoft.Extensions.Hosting.HostBuilder.Build()
   at Api.Program.Main(String[] args) in F:\Sam-Rex\Api's\Supermarket\Api\Program.cs:line 20
System.TypeLoadException: Could not load type 'System.Web.IHttpModule' from assembly 'System.Web, Version=4.0.0.0, Culture=neutral, PublicKeyToken=b03f5f7f11d50a3a'.     | url:|action:
2020-09-27 13:24:02.1824 | |WARN | Microsoft.AspNetCore.Identity.UserManager|Invalid password for user 77bd4a56-d4d2-4e83-a30d-2c3af63a15e3. |      | url:https://localhost/api/Account/login|action:
2020-09-27 13:24:02.4228 | |INFO | Api.Controllers.AccountController|Authenticate: Login Failed .. wrong Username or Password. |      | url:https://localhost/api/Account/login|action:
2020-09-27 13:38:23.0298 | |DEBUG | Api.Program|init main |      | url:|action:
